# JRE version: OpenJDK Runtime Environment Temurin-21.0.10+7 (21.0.10+7) (build 21.0.10+7-LTS)
# Java VM: OpenJDK 64-Bit Server VM Temurin-21.0.10+7 (21.0.10+7-LTS, mixed mode, sharing, tiered, compressed oops, compressed class ptrs, parallel gc, windows-amd64)
GC Precious Log:
 CardTable entry size: 512
 CPUs: 12 total, 12 available
 Memory: 16248M
 Large Page Support: Disabled
 NUMA Support: Disabled
 Compressed Oops: Enabled (32-bit)
 Alignments: Space 512K, Generation 512K, Heap 2M
 Heap Min Capacity: 100M
 Heap Initial Capacity: 100M
 Heap Max Capacity: 2G
 Pre-touch: Disabled
 Parallel Workers: 10
Heap:
 PSYoungGen      total 20992K, used 19807K [0x00000000d5580000, 0x00000000d7180000, 0x0000000100000000)
  eden space 20480K, 96% used [0x00000000d5580000,0x00000000d68b7f48,0x00000000d6980000)
  from space 512K, 25% used [0x00000000d7100000,0x00000000d7120000,0x00000000d7180000)
  to   space 512K, 0% used [0x00000000d7080000,0x00000000d7080000,0x00000000d7100000)
 ParOldGen       total 173056K, used 173039K [0x0000000080000000, 0x000000008a900000, 0x00000000d5580000)
  object space 173056K, 99% used [0x0000000080000000,0x000000008a8fbda8,0x000000008a900000)
 Metaspace       used 106520K, committed 108544K, reserved 1179648K
  class space    used 10641K, committed 11520K, reserved 1048576K
GC Heap History (20 events):
Event: 593300.643 GC heap before
{Heap before GC invocations=5724 (full 9):
 PSYoungGen      total 20992K, used 20672K [0x00000000d5580000, 0x00000000d7180000, 0x0000000100000000)
  eden space 20480K, 100% used [0x00000000d5580000,0x00000000d6980000,0x00000000d6980000)
  from space 512K, 37% used [0x00000000d7080000,0x00000000d70b0000,0x00000000d7100000)
  to   space 512K, 0% used [0x00000000d7100000,0x00000000d7100000,0x00000000d7180000)
 ParOldGen       total 173056K, used 173015K [0x0000000080000000, 0x000000008a900000, 0x00000000d5580000)
  object space 173056K, 99% used [0x0000000080000000,0x000000008a8f5da8,0x000000008a900000)
 Metaspace       used 106520K, committed 108544K, reserved 1179648K
  class space    used 10641K, committed 11520K, reserved 1048576K
}
Event: 593300.643 GC heap after
{Heap after GC invocations=5724 (full 9):
 PSYoungGen      total 20992K, used 192K [0x00000000d5580000, 0x00000000d7180000, 0x0000000100000000)
  eden space 20480K, 0% used [0x00000000d5580000,0x00000000d5580000,0x00000000d6980000)
  from space 512K, 37% used [0x00000000d7100000,0x00000000d7130000,0x00000000d7180000)
  to   space 512K, 0% used [0x00000000d7080000,0x00000000d7080000,0x00000000d7100000)
 ParOldGen       total 173056K, used 173015K [0x0000000080000000, 0x000000008a900000, 0x00000000d5580000)
  object space 173056K, 99% used [0x0000000080000000,0x000000008a8f5da8,0x000000008a900000)
 Metaspace       used 106520K, committed 108544K, reserved 1179648K
  class space    used 10641K, committed 11520K, reserved 1048576K
}
Event: 593300.687 GC heap before
{Heap before GC invocations=5725 (full 9):
 PSYoungGen      total 20992K, used 20672K [0x00000000d5580000, 0x00000000d7180000, 0x0000000100000000)
  eden space 20480K, 100% used [0x00000000d5580000,0x00000000d6980000,0x00000000d6980000)
  from space 512K, 37% used [0x00000000d7100000,0x00000000d7130000,0x00000000d7180000)
  to   space 512K, 0% used [0x00000000d7080000,0x00000000d7080000,0x00000000d7100000)
 ParOldGen       total 173056K, used 173015K [0x0000000080000000, 0x000000008a900000, 0x00000000d5580000)
  object space 173056K, 99% used [0x0000000080000000,0x000000008a8f5da8,0x000000008a900000)
 Metaspace       used 106520K, committed 108544K, reserved 1179648K
  class space    used 10641K, committed 11520K, reserved 1048576K
}
Event: 593300.688 GC heap after
{Heap after GC invocations=5725 (full 9):
 PSYoungGen      total 20992K, used 160K [0x00000000d5580000, 0x00000000d7180000, 0x0000000100000000)
  eden space 20480K, 0% used [0x00000000d5580000,0x00000000d5580000,0x00000000d6980000)
  from space 512K, 31% used [0x00000000d7080000,0x00000000d70a8000,0x00000000d7100000)
  to   space 512K, 0% used [0x00000000d7100000,0x00000000d7100000,0x00000000d7180000)
 ParOldGen       total 173056K, used 173015K [0x0000000080000000, 0x000000008a900000, 0x00000000d5580000)
  object space 173056K, 99% used [0x0000000080000000,0x000000008a8f5da8,0x000000008a900000)
 Metaspace       used 106520K, committed 108544K, reserved 1179648K
  class space    used 10641K, committed 11520K, reserved 1048576K
}
Event: 593300.733 GC heap before
{Heap before GC invocations=5726 (full 9):
 PSYoungGen      total 20992K, used 20640K [0x00000000d5580000, 0x00000000d7180000, 0x0000000100000000)
  eden space 20480K, 100% used [0x00000000d5580000,0x00000000d6980000,0x00000000d6980000)
  from space 512K, 31% used [0x00000000d7080000,0x00000000d70a8000,0x00000000d7100000)
  to   space 512K, 0% used [0x00000000d7100000,0x00000000d7100000,0x00000000d7180000)
 ParOldGen       total 173056K, used 173015K [0x0000000080000000, 0x000000008a900000, 0x00000000d5580000)
  object space 173056K, 99% used [0x0000000080000000,0x000000008a8f5da8,0x000000008a900000)
 Metaspace       used 106520K, committed 108544K, reserved 1179648K
  class space    used 10641K, committed 11520K, reserved 1048576K
}
Event: 593300.734 GC heap after
{Heap after GC invocations=5726 (full 9):
 PSYoungGen      total 20992K, used 256K [0x00000000d5580000, 0x00000000d7180000, 0x0000000100000000)
  eden space 20480K, 0% used [0x00000000d5580000,0x00000000d5580000,0x00000000d6980000)
  from space 512K, 50% used [0x00000000d7100000,0x00000000d7140000,0x00000000d7180000)
  to   space 512K, 0% used [0x00000000d7080000,0x00000000d7080000,0x00000000d7100000)
 ParOldGen       total 173056K, used 173015K [0x0000000080000000, 0x000000008a900000, 0x00000000d5580000)
  object space 173056K, 99% used [0x0000000080000000,0x000000008a8f5da8,0x000000008a900000)
 Metaspace       used 106520K, committed 108544K, reserved 1179648K
  class space    used 10641K, committed 11520K, reserved 1048576K
}
Event: 593300.782 GC heap before
{Heap before GC invocations=5727 (full 9):
 PSYoungGen      total 20992K, used 20736K [0x00000000d5580000, 0x00000000d7180000, 0x0000000100000000)
  eden space 20480K, 100% used [0x00000000d5580000,0x00000000d6980000,0x00000000d6980000)
  from space 512K, 50% used [0x00000000d7100000,0x00000000d7140000,0x00000000d7180000)
  to   space 512K, 0% used [0x00000000d7080000,0x00000000d7080000,0x00000000d7100000)
 ParOldGen       total 173056K, used 173015K [0x0000000080000000, 0x000000008a900000, 0x00000000d5580000)
  object space 173056K, 99% used [0x0000000080000000,0x000000008a8f5da8,0x000000008a900000)
 Metaspace       used 106520K, committed 108544K, reserved 1179648K
  class space    used 10641K, committed 11520K, reserved 1048576K
}
Event: 593300.782 GC heap after
{Heap after GC invocations=5727 (full 9):
 PSYoungGen      total 20992K, used 128K [0x00000000d5580000, 0x00000000d7180000, 0x0000000100000000)
  eden space 20480K, 0% used [0x00000000d5580000,0x00000000d5580000,0x00000000d6980000)
  from space 512K, 25% used [0x00000000d7080000,0x00000000d70a0000,0x00000000d7100000)
  to   space 512K, 0% used [0x00000000d7100000,0x00000000d7100000,0x00000000d7180000)
 ParOldGen       total 173056K, used 173015K [0x0000000080000000, 0x000000008a900000, 0x00000000d5580000)
  object space 173056K, 99% used [0x0000000080000000,0x000000008a8f5da8,0x000000008a900000)
 Metaspace       used 106520K, committed 108544K, reserved 1179648K
  class space    used 10641K, committed 11520K, reserved 1048576K
}
Event: 593300.828 GC heap before
{Heap before GC invocations=5728 (full 9):
 PSYoungGen      total 20992K, used 20608K [0x00000000d5580000, 0x00000000d7180000, 0x0000000100000000)
  eden space 20480K, 100% used [0x00000000d5580000,0x00000000d6980000,0x00000000d6980000)
  from space 512K, 25% used [0x00000000d7080000,0x00000000d70a0000,0x00000000d7100000)
  to   space 512K, 0% used [0x00000000d7100000,0x00000000d7100000,0x00000000d7180000)
 ParOldGen       total 173056K, used 173015K [0x0000000080000000, 0x000000008a900000, 0x00000000d5580000)
  object space 173056K, 99% used [0x0000000080000000,0x000000008a8f5da8,0x000000008a900000)
 Metaspace       used 106520K, committed 108544K, reserved 1179648K
  class space    used 10641K, committed 11520K, reserved 1048576K
}
Event: 593300.829 GC heap after
{Heap after GC invocations=5728 (full 9):
 PSYoungGen      total 20992K, used 224K [0x00000000d5580000, 0x00000000d7180000, 0x0000000100000000)
  eden space 20480K, 0% used [0x00000000d5580000,0x00000000d5580000,0x00000000d6980000)
  from space 512K, 43% used [0x00000000d7100000,0x00000000d7138000,0x00000000d7180000)
  to   space 512K, 0% used [0x00000000d7080000,0x00000000d7080000,0x00000000d7100000)
 ParOldGen       total 173056K, used 173015K [0x0000000080000000, 0x000000008a900000, 0x00000000d5580000)
  object space 173056K, 99% used [0x0000000080000000,0x000000008a8f5da8,0x000000008a900000)
 Metaspace       used 106520K, committed 108544K, reserved 1179648K
  class space    used 10641K, committed 11520K, reserved 1048576K
}
Event: 593300.881 GC heap before
{Heap before GC invocations=5729 (full 9):
 PSYoungGen      total 20992K, used 20704K [0x00000000d5580000, 0x00000000d7180000, 0x0000000100000000)
  eden space 20480K, 100% used [0x00000000d5580000,0x00000000d6980000,0x00000000d6980000)
  from space 512K, 43% used [0x00000000d7100000,0x00000000d7138000,0x00000000d7180000)
  to   space 512K, 0% used [0x00000000d7080000,0x00000000d7080000,0x00000000d7100000)
 ParOldGen       total 173056K, used 173015K [0x0000000080000000, 0x000000008a900000, 0x00000000d5580000)
  object space 173056K, 99% used [0x0000000080000000,0x000000008a8f5da8,0x000000008a900000)
 Metaspace       used 106520K, committed 108544K, reserved 1179648K
  class space    used 10641K, committed 11520K, reserved 1048576K
}
Event: 593300.881 GC heap after
{Heap after GC invocations=5729 (full 9):
 PSYoungGen      total 20992K, used 96K [0x00000000d5580000, 0x00000000d7180000, 0x0000000100000000)
  eden space 20480K, 0% used [0x00000000d5580000,0x00000000d5580000,0x00000000d6980000)
  from space 512K, 18% used [0x00000000d7080000,0x00000000d7098000,0x00000000d7100000)
  to   space 512K, 0% used [0x00000000d7100000,0x00000000d7100000,0x00000000d7180000)
 ParOldGen       total 173056K, used 173015K [0x0000000080000000, 0x000000008a900000, 0x00000000d5580000)
  object space 173056K, 99% used [0x0000000080000000,0x000000008a8f5da8,0x000000008a900000)
 Metaspace       used 106520K, committed 108544K, reserved 1179648K
  class space    used 10641K, committed 11520K, reserved 1048576K
}
Event: 593300.935 GC heap before
{Heap before GC invocations=5730 (full 9):
 PSYoungGen      total 20992K, used 20576K [0x00000000d5580000, 0x00000000d7180000, 0x0000000100000000)
  eden space 20480K, 100% used [0x00000000d5580000,0x00000000d6980000,0x00000000d6980000)
  from space 512K, 18% used [0x00000000d7080000,0x00000000d7098000,0x00000000d7100000)
  to   space 512K, 0% used [0x00000000d7100000,0x00000000d7100000,0x00000000d7180000)
 ParOldGen       total 173056K, used 173015K [0x0000000080000000, 0x000000008a900000, 0x00000000d5580000)
  object space 173056K, 99% used [0x0000000080000000,0x000000008a8f5da8,0x000000008a900000)
 Metaspace       used 106520K, committed 108544K, reserved 1179648K
  class space    used 10641K, committed 11520K, reserved 1048576K
}
Event: 593300.936 GC heap after
{Heap after GC invocations=5730 (full 9):
 PSYoungGen      total 20992K, used 96K [0x00000000d5580000, 0x00000000d7180000, 0x0000000100000000)
  eden space 20480K, 0% used [0x00000000d5580000,0x00000000d5580000,0x00000000d6980000)
  from space 512K, 18% used [0x00000000d7100000,0x00000000d7118000,0x00000000d7180000)
  to   space 512K, 0% used [0x00000000d7080000,0x00000000d7080000,0x00000000d7100000)
 ParOldGen       total 173056K, used 173015K [0x0000000080000000, 0x000000008a900000, 0x00000000d5580000)
  object space 173056K, 99% used [0x0000000080000000,0x000000008a8f5da8,0x000000008a900000)
 Metaspace       used 106520K, committed 108544K, reserved 1179648K
  class space    used 10641K, committed 11520K, reserved 1048576K
}
Event: 593300.981 GC heap before
{Heap before GC invocations=5731 (full 9):
 PSYoungGen      total 20992K, used 20576K [0x00000000d5580000, 0x00000000d7180000, 0x0000000100000000)
  eden space 20480K, 100% used [0x00000000d5580000,0x00000000d6980000,0x00000000d6980000)
  from space 512K, 18% used [0x00000000d7100000,0x00000000d7118000,0x00000000d7180000)
  to   space 512K, 0% used [0x00000000d7080000,0x00000000d7080000,0x00000000d7100000)
 ParOldGen       total 173056K, used 173015K [0x0000000080000000, 0x000000008a900000, 0x00000000d5580000)
  object space 173056K, 99% used [0x0000000080000000,0x000000008a8f5da8,0x000000008a900000)
 Metaspace       used 106520K, committed 108544K, reserved 1179648K
  class space    used 10641K, committed 11520K, reserved 1048576K
}
Event: 593300.982 GC heap after
{Heap after GC invocations=5731 (full 9):
 PSYoungGen      total 20992K, used 96K [0x00000000d5580000, 0x00000000d7180000, 0x0000000100000000)
  eden space 20480K, 0% used [0x00000000d5580000,0x00000000d5580000,0x00000000d6980000)
  from space 512K, 18% used [0x00000000d7080000,0x00000000d7098000,0x00000000d7100000)
  to   space 512K, 0% used [0x00000000d7100000,0x00000000d7100000,0x00000000d7180000)
 ParOldGen       total 173056K, used 173015K [0x0000000080000000, 0x000000008a900000, 0x00000000d5580000)
  object space 173056K, 99% used [0x0000000080000000,0x000000008a8f5da8,0x000000008a900000)
 Metaspace       used 106520K, committed 108544K, reserved 1179648K
  class space    used 10641K, committed 11520K, reserved 1048576K
}
Event: 593301.034 GC heap before
{Heap before GC invocations=5732 (full 9):
 PSYoungGen      total 20992K, used 20576K [0x00000000d5580000, 0x00000000d7180000, 0x0000000100000000)
  eden space 20480K, 100% used [0x00000000d5580000,0x00000000d6980000,0x00000000d6980000)
  from space 512K, 18% used [0x00000000d7080000,0x00000000d7098000,0x00000000d7100000)
  to   space 512K, 0% used [0x00000000d7100000,0x00000000d7100000,0x00000000d7180000)
 ParOldGen       total 173056K, used 173015K [0x0000000080000000, 0x000000008a900000, 0x00000000d5580000)
  object space 173056K, 99% used [0x0000000080000000,0x000000008a8f5da8,0x000000008a900000)
 Metaspace       used 106520K, committed 108544K, reserved 1179648K
  class space    used 10641K, committed 11520K, reserved 1048576K
}
Event: 593301.035 GC heap after
{Heap after GC invocations=5732 (full 9):
 PSYoungGen      total 20992K, used 160K [0x00000000d5580000, 0x00000000d7180000, 0x0000000100000000)
  eden space 20480K, 0% used [0x00000000d5580000,0x00000000d5580000,0x00000000d6980000)
  from space 512K, 31% used [0x00000000d7100000,0x00000000d7128000,0x00000000d7180000)
  to   space 512K, 0% used [0x00000000d7080000,0x00000000d7080000,0x00000000d7100000)
 ParOldGen       total 173056K, used 173015K [0x0000000080000000, 0x000000008a900000, 0x00000000d5580000)
  object space 173056K, 99% used [0x0000000080000000,0x000000008a8f5da8,0x000000008a900000)
 Metaspace       used 106520K, committed 108544K, reserved 1179648K
  class space    used 10641K, committed 11520K, reserved 1048576K
}
Event: 593301.087 GC heap before
{Heap before GC invocations=5733 (full 9):
 PSYoungGen      total 20992K, used 20640K [0x00000000d5580000, 0x00000000d7180000, 0x0000000100000000)
  eden space 20480K, 100% used [0x00000000d5580000,0x00000000d6980000,0x00000000d6980000)
  from space 512K, 31% used [0x00000000d7100000,0x00000000d7128000,0x00000000d7180000)
  to   space 512K, 0% used [0x00000000d7080000,0x00000000d7080000,0x00000000d7100000)
 ParOldGen       total 173056K, used 173015K [0x0000000080000000, 0x000000008a900000, 0x00000000d5580000)
  object space 173056K, 99% used [0x0000000080000000,0x000000008a8f5da8,0x000000008a900000)
 Metaspace       used 106520K, committed 108544K, reserved 1179648K
  class space    used 10641K, committed 11520K, reserved 1048576K
}
Event: 593301.088 GC heap after
{Heap after GC invocations=5733 (full 9):
 PSYoungGen      total 20992K, used 128K [0x00000000d5580000, 0x00000000d7180000, 0x0000000100000000)
  eden space 20480K, 0% used [0x00000000d5580000,0x00000000d5580000,0x00000000d6980000)
  from space 512K, 25% used [0x00000000d7080000,0x00000000d70a0000,0x00000000d7100000)
  to   space 512K, 0% used [0x00000000d7100000,0x00000000d7100000,0x00000000d7180000)
 ParOldGen       total 173056K, used 173015K [0x0000000080000000, 0x000000008a900000, 0x00000000d5580000)
  object space 173056K, 99% used [0x0000000080000000,0x000000008a8f5da8,0x000000008a900000)
 Metaspace       used 106520K, committed 108544K, reserved 1179648K
  class space    used 10641K, committed 11520K, reserved 1048576K
}

